[2024-09-21 10:53:28] Error: Division by zero
File: D:\Server6\OSPanel\home\fr.loc\app\Controllers\UserController.php
Line: 12
================
[2024-09-21 10:53:35] Error: Division by zero
File: D:\Server6\OSPanel\home\fr.loc\app\Controllers\UserController.php
Line: 12
================
[2024-09-21 10:53:52] Error: Undefined variable $test
File: D:\Server6\OSPanel\home\fr.loc\app\Controllers\UserController.php
Line: 12
================
[2024-10-31 18:28:03] Error: SMTP Error: Could not authenticate.
File: D:\OSPanel\home\fr.loc\vendor\phpmailer\phpmailer\src\PHPMailer.php
Line: 2261
================
[2024-10-31 18:35:38] Error: SMTP Error: Could not authenticate.
File: D:\OSPanel\home\fr.loc\vendor\phpmailer\phpmailer\src\PHPMailer.php
Line: 2261
================
